#-----------------------------------------------------------
# Vivado v2019.2 (64-bit)
# SW Build 2708876 on Wed Nov  6 21:40:23 MST 2019
# IP Build 2700528 on Thu Nov  7 00:09:20 MST 2019
# Start of session at: Sat Aug  8 17:03:54 2020
# Process ID: 12976
# Current directory: C:/Users/Shantanu Shinde/Desktop/Shantanu/TIFR/Fine Counter Codes/Hybrid_Counter_FIFO
# Command line: vivado.exe -gui_launcher_event rodinguilauncherevent13360 C:\Users\Shantanu Shinde\Desktop\Shantanu\TIFR\Fine Counter Codes\Hybrid_Counter_FIFO\Hybrid_Counter.xpr
# Log file: C:/Users/Shantanu Shinde/Desktop/Shantanu/TIFR/Fine Counter Codes/Hybrid_Counter_FIFO/vivado.log
# Journal file: C:/Users/Shantanu Shinde/Desktop/Shantanu/TIFR/Fine Counter Codes/Hybrid_Counter_FIFO\vivado.jou
#-----------------------------------------------------------
start_gui
open_project {C:/Users/Shantanu Shinde/Desktop/Shantanu/TIFR/Fine Counter Codes/Hybrid_Counter_FIFO/Hybrid_Counter.xpr}
INFO: [ProjectBase 1-489] The host OS only allows 260 characters in a normal path. The project is stored in a path with more than 80 characters. If you experience issues with IP, Block Designs, or files not being found, please consider moving the project to a location with a shorter path. Alternately consider using the OS subst command to map part of the path to a drive letter.
Current project path is 'C:/Users/Shantanu Shinde/Desktop/Shantanu/TIFR/Fine Counter Codes/Hybrid_Counter_FIFO'
Scanning sources...
Finished scanning sources
INFO: [IP_Flow 19-234] Refreshing IP repositories
INFO: [IP_Flow 19-1704] No user IP repositories specified
INFO: [IP_Flow 19-2313] Loaded Vivado IP repository 'D:/Xilinx/Vivado/2019.2/data/ip'.
open_project: Time (s): cpu = 00:00:20 ; elapsed = 00:00:09 . Memory (MB): peak = 1079.898 ; gain = 188.215
update_compile_order -fileset sources_1
close [ open {C:/Users/Shantanu Shinde/Desktop/Shantanu/TIFR/Fine Counter Codes/Hybrid_Counter_FIFO/Hybrid_Counter.srcs/sources_1/new/transmitter.v} w ]
add_files {{C:/Users/Shantanu Shinde/Desktop/Shantanu/TIFR/Fine Counter Codes/Hybrid_Counter_FIFO/Hybrid_Counter.srcs/sources_1/new/transmitter.v}}
update_compile_order -fileset sources_1
create_ip -name fifo_generator -vendor xilinx.com -library ip -version 13.2 -module_name fifo_generator_0 -dir {c:/Users/Shantanu Shinde/Desktop/Shantanu/TIFR/Fine Counter Codes/Hybrid_Counter_FIFO/Hybrid_Counter.srcs/sources_1/ip}
set_property -dict [list CONFIG.Input_Data_Width {64} CONFIG.Output_Data_Width {64}] [get_ips fifo_generator_0]
generate_target {instantiation_template} [get_files {{c:/Users/Shantanu Shinde/Desktop/Shantanu/TIFR/Fine Counter Codes/Hybrid_Counter_FIFO/Hybrid_Counter.srcs/sources_1/ip/fifo_generator_0/fifo_generator_0.xci}}]
INFO: [IP_Flow 19-1686] Generating 'Instantiation Template' target for IP 'fifo_generator_0'...
update_compile_order -fileset sources_1
generate_target all [get_files  {{c:/Users/Shantanu Shinde/Desktop/Shantanu/TIFR/Fine Counter Codes/Hybrid_Counter_FIFO/Hybrid_Counter.srcs/sources_1/ip/fifo_generator_0/fifo_generator_0.xci}}]
INFO: [IP_Flow 19-1686] Generating 'Synthesis' target for IP 'fifo_generator_0'...
INFO: [IP_Flow 19-1686] Generating 'Simulation' target for IP 'fifo_generator_0'...
INFO: [IP_Flow 19-1686] Generating 'Change Log' target for IP 'fifo_generator_0'...
catch { config_ip_cache -export [get_ips -all fifo_generator_0] }
export_ip_user_files -of_objects [get_files {{c:/Users/Shantanu Shinde/Desktop/Shantanu/TIFR/Fine Counter Codes/Hybrid_Counter_FIFO/Hybrid_Counter.srcs/sources_1/ip/fifo_generator_0/fifo_generator_0.xci}}] -no_script -sync -force -quiet
create_ip_run [get_files -of_objects [get_fileset sources_1] {{c:/Users/Shantanu Shinde/Desktop/Shantanu/TIFR/Fine Counter Codes/Hybrid_Counter_FIFO/Hybrid_Counter.srcs/sources_1/ip/fifo_generator_0/fifo_generator_0.xci}}]
launch_runs -jobs 8 fifo_generator_0_synth_1
[Sat Aug  8 17:09:20 2020] Launched fifo_generator_0_synth_1...
Run output will be captured here: C:/Users/Shantanu Shinde/Desktop/Shantanu/TIFR/Fine Counter Codes/Hybrid_Counter_FIFO/Hybrid_Counter.runs/fifo_generator_0_synth_1/runme.log
export_simulation -of_objects [get_files {{c:/Users/Shantanu Shinde/Desktop/Shantanu/TIFR/Fine Counter Codes/Hybrid_Counter_FIFO/Hybrid_Counter.srcs/sources_1/ip/fifo_generator_0/fifo_generator_0.xci}}] -directory {C:/Users/Shantanu Shinde/Desktop/Shantanu/TIFR/Fine Counter Codes/Hybrid_Counter_FIFO/Hybrid_Counter.ip_user_files/sim_scripts} -ip_user_files_dir {C:/Users/Shantanu Shinde/Desktop/Shantanu/TIFR/Fine Counter Codes/Hybrid_Counter_FIFO/Hybrid_Counter.ip_user_files} -ipstatic_source_dir {C:/Users/Shantanu Shinde/Desktop/Shantanu/TIFR/Fine Counter Codes/Hybrid_Counter_FIFO/Hybrid_Counter.ip_user_files/ipstatic} -lib_map_path [list {modelsim=C:/Users/Shantanu Shinde/Desktop/Shantanu/TIFR/Fine Counter Codes/Hybrid_Counter_FIFO/Hybrid_Counter.cache/compile_simlib/modelsim} {questa=C:/Users/Shantanu Shinde/Desktop/Shantanu/TIFR/Fine Counter Codes/Hybrid_Counter_FIFO/Hybrid_Counter.cache/compile_simlib/questa} {riviera=C:/Users/Shantanu Shinde/Desktop/Shantanu/TIFR/Fine Counter Codes/Hybrid_Counter_FIFO/Hybrid_Counter.cache/compile_simlib/riviera} {activehdl=C:/Users/Shantanu Shinde/Desktop/Shantanu/TIFR/Fine Counter Codes/Hybrid_Counter_FIFO/Hybrid_Counter.cache/compile_simlib/activehdl}] -use_ip_compiled_libs -force -quiet
update_compile_order -fileset sources_1
update_compile_order -fileset sources_1
reset_run synth_1
launch_runs impl_1 -to_step write_bitstream -jobs 8
[Sat Aug  8 17:41:41 2020] Launched synth_1...
Run output will be captured here: C:/Users/Shantanu Shinde/Desktop/Shantanu/TIFR/Fine Counter Codes/Hybrid_Counter_FIFO/Hybrid_Counter.runs/synth_1/runme.log
[Sat Aug  8 17:41:41 2020] Launched impl_1...
Run output will be captured here: C:/Users/Shantanu Shinde/Desktop/Shantanu/TIFR/Fine Counter Codes/Hybrid_Counter_FIFO/Hybrid_Counter.runs/impl_1/runme.log
update_compile_order -fileset sources_1
update_compile_order -fileset sources_1
reset_run synth_1
launch_runs impl_1 -to_step write_bitstream -jobs 8
[Sat Aug  8 17:48:14 2020] Launched synth_1...
Run output will be captured here: C:/Users/Shantanu Shinde/Desktop/Shantanu/TIFR/Fine Counter Codes/Hybrid_Counter_FIFO/Hybrid_Counter.runs/synth_1/runme.log
[Sat Aug  8 17:48:14 2020] Launched impl_1...
Run output will be captured here: C:/Users/Shantanu Shinde/Desktop/Shantanu/TIFR/Fine Counter Codes/Hybrid_Counter_FIFO/Hybrid_Counter.runs/impl_1/runme.log
reset_run synth_1
launch_runs impl_1 -to_step write_bitstream -jobs 8
[Sat Aug  8 17:49:49 2020] Launched synth_1...
Run output will be captured here: C:/Users/Shantanu Shinde/Desktop/Shantanu/TIFR/Fine Counter Codes/Hybrid_Counter_FIFO/Hybrid_Counter.runs/synth_1/runme.log
[Sat Aug  8 17:49:49 2020] Launched impl_1...
Run output will be captured here: C:/Users/Shantanu Shinde/Desktop/Shantanu/TIFR/Fine Counter Codes/Hybrid_Counter_FIFO/Hybrid_Counter.runs/impl_1/runme.log
open_run impl_1
INFO: [Device 21-403] Loading part xc7a100tcsg324-3
Netlist sorting complete. Time (s): cpu = 00:00:00 ; elapsed = 00:00:00.056 . Memory (MB): peak = 1327.023 ; gain = 0.000
INFO: [Netlist 29-17] Analyzing 422 Unisim elements for replacement
INFO: [Netlist 29-28] Unisim Transformation completed in 0 CPU seconds
INFO: [Project 1-479] Netlist was created with Vivado 2019.2
INFO: [Project 1-570] Preparing netlist for logic optimization
INFO: [Timing 38-478] Restoring timing data from binary archive.
INFO: [Timing 38-479] Binary timing data restore complete.
INFO: [Project 1-856] Restoring constraints from binary archive.
INFO: [Project 1-853] Binary constraint restore complete.
Reading XDEF placement.
Reading placer database...
Reading XDEF routing.
Read XDEF File: Time (s): cpu = 00:00:01 ; elapsed = 00:00:00.540 . Memory (MB): peak = 2031.340 ; gain = 0.000
Restored from archive | CPU: 1.000000 secs | Memory: 0.000000 MB |
Finished XDEF File Restore: Time (s): cpu = 00:00:01 ; elapsed = 00:00:00.568 . Memory (MB): peak = 2031.340 ; gain = 0.000
Netlist sorting complete. Time (s): cpu = 00:00:00 ; elapsed = 00:00:00.003 . Memory (MB): peak = 2031.340 ; gain = 0.000
INFO: [Project 1-111] Unisim Transformation Summary:
No Unisim elements were transformed.

open_run: Time (s): cpu = 00:00:33 ; elapsed = 00:00:45 . Memory (MB): peak = 2172.332 ; gain = 1092.434
reset_run synth_1
launch_runs impl_1 -to_step write_bitstream -jobs 8
[Sat Aug  8 18:02:04 2020] Launched synth_1...
Run output will be captured here: C:/Users/Shantanu Shinde/Desktop/Shantanu/TIFR/Fine Counter Codes/Hybrid_Counter_FIFO/Hybrid_Counter.runs/synth_1/runme.log
[Sat Aug  8 18:02:04 2020] Launched impl_1...
Run output will be captured here: C:/Users/Shantanu Shinde/Desktop/Shantanu/TIFR/Fine Counter Codes/Hybrid_Counter_FIFO/Hybrid_Counter.runs/impl_1/runme.log
close_design
close_design: Time (s): cpu = 00:00:05 ; elapsed = 00:00:07 . Memory (MB): peak = 2257.578 ; gain = 0.000
